app/build/outputs/logs/manifest-merger-debug-report.txt
-- Merging decision tree log ---
manifest
ADDED from src\main\AndroidManifest.xml:2:1-79:12
	package
		ADDED from src\main\AndroidManifest.xml:3:5-67
		INJECTED from src\main\AndroidManifest.xml
		INJECTED from src\main\AndroidManifest.xml
	android:versionName
		INJECTED from src\main\AndroidManifest.xml
		INJECTED from src\main\AndroidManifest.xml
	xmlns:android
		ADDED from src\main\AndroidManifest.xml:2:11-69
	android:versionCode
		INJECTED from src\main\AndroidManifest.xml
		INJECTED from src\main\AndroidManifest.xml
uses-permission#android.permission.INTERNET
ADDED from src\main\AndroidManifest.xml:5:5-67
	android:name
		ADDED from src\main\AndroidManifest.xml:5:22-64
uses-permission#android.permission.ACCESS_NETWORK_STATE
ADDED from src\main\AndroidManifest.xml:6:5-79
	android:name
		ADDED from src\main\AndroidManifest.xml:6:22-76
uses-permission#android.permission.READ_EXTERNAL_STORAGE
ADDED from src\main\AndroidManifest.xml:7:5-80
	android:name
		ADDED from src\main\AndroidManifest.xml:7:22-77
uses-permission#android.permission.WRITE_EXTERNAL_STORAGE
ADDED from src\main\AndroidManifest.xml:8:5-81
	android:name
		ADDED from src\main\AndroidManifest.xml:8:22-78
application
ADDED from src\main\AndroidManifest.xml:10:5-77:19
MERGED from [com.android.support:design:23.1.1] AndroidManifest.xml:22:5-20
MERGED from [com.android.support:appcompat-v7:23.2.1] AndroidManifest.xml:25:5-20
MERGED from [com.android.support:animated-vector-drawable:23.2.1] AndroidManifest.xml:7:5-20
MERGED from [com.android.support:support-vector-drawable:23.2.1] AndroidManifest.xml:7:5-20
MERGED from [com.android.support:cardview-v7:23.4.0] AndroidManifest.xml:22:5-20
MERGED from [com.android.support:support-v4:23.4.0] AndroidManifest.xml:22:5-20
MERGED from [com.android.support.constraint:constraint-layout:1.0.2] AndroidManifest.xml:9:5-20
	android:label
		ADDED from src\main\AndroidManifest.xml:13:9-38
	android:supportsRtl
		ADDED from src\main\AndroidManifest.xml:14:9-35
	android:allowBackup
		ADDED from src\main\AndroidManifest.xml:11:9-35
	android:icon
		ADDED from src\main\AndroidManifest.xml:12:9-40
	android:theme
		ADDED from src\main\AndroidManifest.xml:15:9-40
activity#com.amazonaws.youruserpools.MainActivity
ADDED from src\main\AndroidManifest.xml:16:9-24:20
	android:theme
		ADDED from src\main\AndroidManifest.xml:18:13-56
	android:name
		ADDED from src\main\AndroidManifest.xml:17:13-68
intent-filter#android.intent.action.MAIN+android.intent.category.LAUNCHER
ADDED from src\main\AndroidManifest.xml:19:13-23:29
action#android.intent.action.MAIN
ADDED from src\main\AndroidManifest.xml:20:17-69
	android:name
		ADDED from src\main\AndroidManifest.xml:20:25-66
category#android.intent.category.LAUNCHER
ADDED from src\main\AndroidManifest.xml:22:17-77
	android:name
		ADDED from src\main\AndroidManifest.xml:22:27-74
activity#com.amazonaws.youruserpools.UserActivity
ADDED from src\main\AndroidManifest.xml:25:9-28:59
	android:label
		ADDED from src\main\AndroidManifest.xml:27:13-56
	android:theme
		ADDED from src\main\AndroidManifest.xml:28:13-56
	android:name
		ADDED from src\main\AndroidManifest.xml:26:13-68
activity#com.amazonaws.youruserpools.RegisterUser
ADDED from src\main\AndroidManifest.xml:29:9-31:59
	android:theme
		ADDED from src\main\AndroidManifest.xml:31:13-56
	android:name
		ADDED from src\main\AndroidManifest.xml:30:13-68
activity#com.amazonaws.youruserpools.AboutApp
ADDED from src\main\AndroidManifest.xml:32:9-35:59
	android:label
		ADDED from src\main\AndroidManifest.xml:34:13-61
	android:theme
		ADDED from src\main\AndroidManifest.xml:35:13-56
	android:name
		ADDED from src\main\AndroidManifest.xml:33:13-64
activity#com.amazonaws.youruserpools.SignUpConfirm
ADDED from src\main\AndroidManifest.xml:36:9-39:59
	android:label
		ADDED from src\main\AndroidManifest.xml:38:13-67
	android:theme
		ADDED from src\main\AndroidManifest.xml:39:13-56
	android:name
		ADDED from src\main\AndroidManifest.xml:37:13-69
activity#com.amazonaws.youruserpools.MFAActivity
ADDED from src\main\AndroidManifest.xml:40:9-43:59
	android:label
		ADDED from src\main\AndroidManifest.xml:42:13-55
	android:theme
		ADDED from src\main\AndroidManifest.xml:43:13-56
	android:name
		ADDED from src\main\AndroidManifest.xml:41:13-67
activity#com.amazonaws.youruserpools.ForgotPasswordActivity
ADDED from src\main\AndroidManifest.xml:44:9-47:59
	android:label
		ADDED from src\main\AndroidManifest.xml:46:13-67
	android:theme
		ADDED from src\main\AndroidManifest.xml:47:13-56
	android:name
		ADDED from src\main\AndroidManifest.xml:45:13-78
activity#com.amazonaws.youruserpools.SettingsActivity
ADDED from src\main\AndroidManifest.xml:48:9-51:59
	android:label
		ADDED from src\main\AndroidManifest.xml:50:13-60
	android:theme
		ADDED from src\main\AndroidManifest.xml:51:13-56
	android:name
		ADDED from src\main\AndroidManifest.xml:49:13-72
activity#com.amazonaws.youruserpools.ChangePasswordActivity
ADDED from src\main\AndroidManifest.xml:52:9-55:59
	android:label
		ADDED from src\main\AndroidManifest.xml:54:13-67
	android:theme
		ADDED from src\main\AndroidManifest.xml:55:13-56
	android:name
		ADDED from src\main\AndroidManifest.xml:53:13-78
activity#com.amazonaws.youruserpools.VerifyActivity
ADDED from src\main\AndroidManifest.xml:56:9-59:59
	android:label
		ADDED from src\main\AndroidManifest.xml:58:13-58
	android:theme
		ADDED from src\main\AndroidManifest.xml:59:13-56
	android:name
		ADDED from src\main\AndroidManifest.xml:57:13-70
activity#com.amazonaws.youruserpools.AddAttributeActivity
ADDED from src\main\AndroidManifest.xml:60:9-63:59
	android:label
		ADDED from src\main\AndroidManifest.xml:62:13-65
	android:theme
		ADDED from src\main\AndroidManifest.xml:63:13-56
	android:name
		ADDED from src\main\AndroidManifest.xml:61:13-76
activity#com.amazonaws.youruserpools.DeviceSettings
ADDED from src\main\AndroidManifest.xml:64:9-67:59
	android:label
		ADDED from src\main\AndroidManifest.xml:66:13-67
	android:theme
		ADDED from src\main\AndroidManifest.xml:67:13-56
	android:name
		ADDED from src\main\AndroidManifest.xml:65:13-70
activity#com.amazonaws.youruserpools.NewPassword
ADDED from src\main\AndroidManifest.xml:68:9-71:59
	android:label
		ADDED from src\main\AndroidManifest.xml:70:13-64
	android:theme
		ADDED from src\main\AndroidManifest.xml:71:13-56
	android:name
		ADDED from src\main\AndroidManifest.xml:69:13-67
activity#com.amazonaws.youruserpools.SendECG
ADDED from src\main\AndroidManifest.xml:72:9-72
	android:name
		ADDED from src\main\AndroidManifest.xml:72:19-69
activity#com.amazonaws.youruserpools.ECG
ADDED from src\main\AndroidManifest.xml:73:9-76:68
	android:label
		ADDED from src\main\AndroidManifest.xml:75:13-55
	android:theme
		ADDED from src\main\AndroidManifest.xml:76:13-56
	android:name
		ADDED from src\main\AndroidManifest.xml:74:13-59
uses-sdk
INJECTED from src\main\AndroidManifest.xml reason: use-sdk injection requested
MERGED from [com.android.support:design:23.1.1] AndroidManifest.xml:20:5-43
MERGED from [com.android.support:appcompat-v7:23.2.1] AndroidManifest.xml:21:5-23:78
MERGED from [com.android.support:animated-vector-drawable:23.2.1] AndroidManifest.xml:5:5-44
MERGED from [com.android.support:support-vector-drawable:23.2.1] AndroidManifest.xml:5:5-43
MERGED from [com.android.support:cardview-v7:23.4.0] AndroidManifest.xml:20:5-43
MERGED from [com.android.support:recyclerview-v7:23.4.0] AndroidManifest.xml:20:5-43
MERGED from [com.android.support:support-v4:23.4.0] AndroidManifest.xml:20:5-43
MERGED from [com.android.support.constraint:constraint-layout:1.0.2] AndroidManifest.xml:5:5-7:41
	tools:overrideLibrary
		ADDED from [com.android.support:appcompat-v7:23.2.1] AndroidManifest.xml:23:9-75
	android:targetSdkVersion
		INJECTED from src\main\AndroidManifest.xml
		INJECTED from src\main\AndroidManifest.xml
	android:minSdkVersion
		INJECTED from src\main\AndroidManifest.xml
		INJECTED from src\main\AndroidManifest.xml